0 info it worked if it ends with ok
1 verbose cli [ '/usr/local/bin/node', '/usr/local/bin/npm', 'publish' ]
2 info using npm@3.5.2
3 info using node@v4.0.0
4 verbose publish [ '.' ]
5 silly cache add args [ '.', null ]
6 verbose cache add spec .
7 silly cache add parsed spec Result {
7 silly cache add   raw: '.',
7 silly cache add   scope: null,
7 silly cache add   name: null,
7 silly cache add   rawSpec: '.',
7 silly cache add   spec: '/Users/dk/Work/animation-kit',
7 silly cache add   type: 'directory' }
8 verbose addLocalDirectory /Users/dk/.npm/animation-kit/0.5.3/package.tgz not in flight; packing
9 verbose makeDirectory /Users/dk/.npm creation not in flight; initializing
10 silly makeDirectory /Users/dk/.npm uid: 501 gid: 20
11 info lifecycle animation-kit@0.5.3~prepublish: animation-kit@0.5.3
12 silly lifecycle animation-kit@0.5.3~prepublish: no script for prepublish, continuing
13 verbose tar pack [ '/Users/dk/.npm/animation-kit/0.5.3/package.tgz',
13 verbose tar pack   '/Users/dk/Work/animation-kit' ]
14 verbose tarball /Users/dk/.npm/animation-kit/0.5.3/package.tgz
15 verbose folder /Users/dk/Work/animation-kit
16 verbose addLocalTarball adding from inside cache /Users/dk/.npm/animation-kit/0.5.3/package.tgz
17 silly cache afterAdd animation-kit@0.5.3
18 verbose afterAdd /Users/dk/.npm/animation-kit/0.5.3/package/package.json not in flight; writing
19 verbose afterAdd /Users/dk/.npm/animation-kit/0.5.3/package/package.json written
20 silly publish { name: 'animation-kit',
20 silly publish   description: 'Animation KIT for you website using CSS',
20 silly publish   keywords: [ 'css', 'animation', 'animation-kit', 'effects' ],
20 silly publish   version: '0.5.3',
20 silly publish   browser: 'index.js',
20 silly publish   main: 'index.js',
20 silly publish   scripts:
20 silly publish    { dev: 'webpack-dev-server',
20 silly publish      build: 'webpack -p',
20 silly publish      test: 'echo "Error: no test specified" && exit 1' },
20 silly publish   repository:
20 silly publish    { type: 'git',
20 silly publish      url: 'git+ssh://git@github.com/dmitrykuzmenkov/animation-kit.git' },
20 silly publish   author: { name: 'Dmitry Kuzmenkov', url: 'http://dmitrykuzmenkov.ru' },
20 silly publish   homepage: 'https://github.com/dmitrykuzmenkov/animation-kit',
20 silly publish   license: 'MIT',
20 silly publish   bugs: { url: 'https://github.com/dmitrykuzmenkov/animation-kit/issues' },
20 silly publish   devDependencies:
20 silly publish    { autoprefixer: '^6.2.3',
20 silly publish      'autoprefixer-loader': '^3.1.0',
20 silly publish      'css-loader': '^0.23.1',
20 silly publish      domd: '^0.7.1',
20 silly publish      'extract-text-webpack-plugin': '^1.0.1',
20 silly publish      'html-webpack-plugin': '^1.7.0',
20 silly publish      jext: '^0.3.6',
20 silly publish      'jext-loader': '^1.0.4',
20 silly publish      less: '^2.5.3',
20 silly publish      'less-loader': '^2.2.2',
20 silly publish      'less-plugin-clean-css': '^1.5.1',
20 silly publish      webpack: '^1.12.10',
20 silly publish      'webpack-dev-server': '^1.14.0' },
20 silly publish   dependencies: { less: '^2.5.3' },
20 silly publish   readme: '#animation-kit\nAnimation KIT for you website using CSS  \n\n*Notice.* Animation KIT is optimzed to use with webpack.\n## Demo\nYou can try animations online here: http://dmitrykuzmenkov.github.io/animation-kit/\n\n## Installation\nUse npm to install package\n\n```bash\nnpm install animation-kit\n```\n\n## Usage\nFirst you must require installed npm package and pass to it animated dom element to catch animations.\n\nImport needed less styles for your animation\n\n```less\n@import \'node_modules/animation-kit/src/main.less\';\n@import \'node_modules/animation-kit/src/attention/bounce.less\';\n```\n\nThen select DOM element using query selector for example and manage animation on it following this example:\n\n```javascript\nvar animation = require(\'animation-kit\');\nvar element = document.getElementById(\'my-dom-element\');\nanimation(element)\n  .animate(\'bounce\')\n  .start(function (e) {\n    console.log(\'Animation started\');\n  })\n  .iteration(function (e) {\n    console.log(\'Animation iteration\');\n  })\n  .end(function (e) {\n    console.log(\'Animation end\');\n  })\n;\n```\n\nPay attetion you need to require used animated styles too.\n\n## Methods\n### animate(animation, opts)\n - **animation** - name of animation to perform\n - **opts** - object with options\n - - *keep* - keep element state after animation is done (default: false)\n - - *infinite* - loop animation infinitly (default: false)\n\n### start(cb)\n - **cb** - callback that will be called after animation start\n\n### end(cb)\n - **cb** - callback that will be called after animation finished\n\n### iteration(cb)\n - **cb** - callback that will be called on animation iteraction\n\n\n## Animation list\nAll animation has dash (-) notation in names. Keyframes for animation has camelNotationName.  \nHere is full list of supported CSS animation name that you can use in animate function\n\n - bounce\n - flash\n - hatch\n - head-shake\n - jello\n - pulse\n - rubber-band\n - shake\n - swing\n - tada\n - wobble\n - boing-in-up\n - boing-out-down\n - bomb-out-left\n - bomb-out-right\n - bounce-in-down\n - bounce-in-left\n - bounce-in-right\n - bounce-in-up\n - bounce-in\n - bounce-out-down\n - bounce-out-left\n - bounce-out-right\n - bounce-out-up-animation\n - bounce-out\n - fade-in-down-big\n - fade-in-down\n - fade-in-left-big\n - fade-in-left\n - fade-in-right-big\n - fade-in-right\n - fade-in-up-big\n - fade-in-up\n - fade-in\n - fade-out-down-big\n - fade-out-down\n - fade-out-left-big\n - fade-out-left\n - fade-out-right-big\n - fade-out-right\n - fade-out-up-big\n - fade-out-up\n - fade-out\n - flip-in-x\n - flip-in-y\n - flip-out-x\n - flip-out-y\n - flip\n - lightspeed-in\n - lightspeed-out\n - rotate-in-down-left\n - rotate-in-down-right\n - rotate-out-down\n - rotate-out-left\n - rotate-out-right\n - rotate-in-up-left\n - rotate-in-up-right\n - rotate-in\n - rotate-out-down-left\n - rotate-out-down-right\n - rotate-out-up-left\n - rotate-out-up\n - rotate-out-up-right\n - rotate-out\n - perspective-in-down\n - perspective-in-left\n - perspective-in-right\n - perspective-in-up\n - perspective-out-down\n - perspective-out-left\n - perspective-out-right\n - perspective-out-up\n - slide-in-down\n - slide-in-left\n - slide-in-right\n - slide-in-up\n - slide-out-down\n - slide-out-left\n - slide-out-right\n - slide-out-up\n - space-in-down\n - space-in-left\n - space-in-right\n - space-in-up\n - space-out-down\n - space-out-left\n - space-out-right\n - space-out-up\n - swash-in\n - swash-out\n - swap\n - twister-in-down\n - twister-in-up\n - hinge\n - hole-out\n - magic\n - puff-in\n - puff-out\n - roll-in\n - roll-out\n - vanish-in\n - vanish-out\n - tin-in-down\n - tin-in-left\n - tin-in-right\n - tin-in-up\n - tin-out-down\n - tin-out-left\n - tin-out-right\n - tin-out-up\n - zoom-in-down\n - zoom-in-left\n - zoom-in-right\n - zoom-in-up\n - zoom-in\n - zoom-out-down\n - zoom-out-left\n - zoom-out-right\n - zoom-out-up\n - zoom-out\n',
20 silly publish   readmeFilename: 'README.md',
20 silly publish   gitHead: 'a83c642484c77f4459f79bb0a6b5f8f9b636fbb1',
20 silly publish   _id: 'animation-kit@0.5.3',
20 silly publish   _shasum: 'f6093e6974b53cdfcfa0b84c6acd6dbb22398335',
20 silly publish   _from: '.' }
21 verbose getPublishConfig undefined
22 silly mapToRegistry name animation-kit
23 silly mapToRegistry using default registry
24 silly mapToRegistry registry https://registry.npmjs.org/
25 silly mapToRegistry uri https://registry.npmjs.org/animation-kit
26 verbose publish registryBase https://registry.npmjs.org/
27 silly publish uploading /Users/dk/.npm/animation-kit/0.5.3/package.tgz
28 verbose request uri https://registry.npmjs.org/animation-kit
29 verbose request sending authorization for write operation
30 info attempt registry request try #1 at 1:05:44 AM
31 verbose request using bearer token for auth
32 verbose request id 7b89355235e777b2
33 http request PUT https://registry.npmjs.org/animation-kit
34 http 403 https://registry.npmjs.org/animation-kit
35 verbose headers { 'content-type': 'application/json',
35 verbose headers   'cache-control': 'max-age=300',
35 verbose headers   'content-length': '95',
35 verbose headers   'accept-ranges': 'bytes',
35 verbose headers   date: 'Sat, 16 Jan 2016 18:05:46 GMT',
35 verbose headers   via: '1.1 varnish',
35 verbose headers   connection: 'keep-alive',
35 verbose headers   'x-served-by': 'cache-sin6922-SIN',
35 verbose headers   'x-cache': 'MISS',
35 verbose headers   'x-cache-hits': '0',
35 verbose headers   'x-timer': 'S1452967545.330868,VS0,VE883' }
36 verbose request invalidating /Users/dk/.npm/registry.npmjs.org/animation-kit on PUT
37 error publish Failed PUT 403
38 verbose stack Error: "You cannot publish over the previously published version 0.5.3." : animation-kit
38 verbose stack     at makeError (/usr/local/lib/node_modules/npm/node_modules/npm-registry-client/lib/request.js:264:12)
38 verbose stack     at CachingRegistryClient.<anonymous> (/usr/local/lib/node_modules/npm/node_modules/npm-registry-client/lib/request.js:252:14)
38 verbose stack     at Request._callback (/usr/local/lib/node_modules/npm/node_modules/npm-registry-client/lib/request.js:172:14)
38 verbose stack     at Request.self.callback (/usr/local/lib/node_modules/npm/node_modules/request/request.js:198:22)
38 verbose stack     at emitTwo (events.js:87:13)
38 verbose stack     at Request.emit (events.js:172:7)
38 verbose stack     at Request.<anonymous> (/usr/local/lib/node_modules/npm/node_modules/request/request.js:1082:10)
38 verbose stack     at emitOne (events.js:82:20)
38 verbose stack     at Request.emit (events.js:169:7)
38 verbose stack     at IncomingMessage.<anonymous> (/usr/local/lib/node_modules/npm/node_modules/request/request.js:1009:12)
39 verbose statusCode 403
40 verbose pkgid animation-kit
41 verbose cwd /Users/dk/Work/animation-kit
42 error Darwin 15.2.0
43 error argv "/usr/local/bin/node" "/usr/local/bin/npm" "publish"
44 error node v4.0.0
45 error npm  v3.5.2
46 error code E403
47 error "You cannot publish over the previously published version 0.5.3." : animation-kit
48 error If you need help, you may report this error at:
48 error     <https://github.com/npm/npm/issues>
49 verbose exit [ 1, true ]
